{"timestamp":"2026-03-18T22:09:20.265Z","level":"info","message":"Starting product sync from Omie","data":null}
{"timestamp":"2026-03-18T22:09:20.271Z","level":"debug","message":"Fetching products page 1","data":null}
{"timestamp":"2026-03-18T22:09:20.473Z","level":"error","message":"Failed to sync products from Omie","data":{"error":"Request failed with status code 403"}}
{"timestamp":"2026-03-18T22:09:33.008Z","level":"info","message":"Starting product sync from Omie","data":null}
{"timestamp":"2026-03-18T22:09:33.011Z","level":"debug","message":"Fetching products page 1","data":null}
{"timestamp":"2026-03-18T22:09:33.332Z","level":"error","message":"Failed to sync products from Omie","data":{"error":"Request failed with status code 403"}}
{"timestamp":"2026-03-18T22:10:08.819Z","level":"info","message":"Starting product sync from Omie","data":null}
{"timestamp":"2026-03-18T22:10:08.824Z","level":"debug","message":"Fetching products page 1","data":null}
{"timestamp":"2026-03-18T22:10:09.651Z","level":"debug","message":"Found 10 products on page 1","data":null}
{"timestamp":"2026-03-18T22:10:09.653Z","level":"info","message":"Total products found: 10","data":null}
{"timestamp":"2026-03-18T22:10:19.680Z","level":"error","message":"Failed to sync product 1000","data":{"error":"Operation `products.findOneAndUpdate()` buffering timed out after 10000ms"}}
{"timestamp":"2026-03-18T22:10:29.688Z","level":"error","message":"Failed to sync product 110007405","data":{"error":"Operation `products.findOneAndUpdate()` buffering timed out after 10000ms"}}
{"timestamp":"2026-03-18T22:10:39.706Z","level":"error","message":"Failed to sync product 110007406","data":{"error":"Operation `products.findOneAndUpdate()` buffering timed out after 10000ms"}}
{"timestamp":"2026-03-18T22:10:49.717Z","level":"error","message":"Failed to sync product 111954120","data":{"error":"Operation `products.findOneAndUpdate()` buffering timed out after 10000ms"}}
{"timestamp":"2026-03-18T22:10:59.735Z","level":"error","message":"Failed to sync product 111954114","data":{"error":"Operation `products.findOneAndUpdate()` buffering timed out after 10000ms"}}
{"timestamp":"2026-03-18T22:11:09.748Z","level":"error","message":"Failed to sync product 7114168","data":{"error":"Operation `products.findOneAndUpdate()` buffering timed out after 10000ms"}}
{"timestamp":"2026-03-18T22:11:19.763Z","level":"error","message":"Failed to sync product 111904125","data":{"error":"Operation `products.findOneAndUpdate()` buffering timed out after 10000ms"}}
{"timestamp":"2026-03-18T22:11:29.770Z","level":"error","message":"Failed to sync product 111937242","data":{"error":"Operation `products.findOneAndUpdate()` buffering timed out after 10000ms"}}
{"timestamp":"2026-03-18T22:11:39.775Z","level":"error","message":"Failed to sync product 7457922","data":{"error":"Operation `products.findOneAndUpdate()` buffering timed out after 10000ms"}}
{"timestamp":"2026-03-18T22:11:49.778Z","level":"error","message":"Failed to sync product 109325141","data":{"error":"Operation `products.findOneAndUpdate()` buffering timed out after 10000ms"}}
{"timestamp":"2026-03-18T22:11:49.779Z","level":"info","message":"Sync operation completed: products_from_omie","data":{"syncedCount":0,"errorsCount":10,"errors":[{"product":"1000","error":"Operation `products.findOneAndUpdate()` buffering timed out after 10000ms"},{"product":"110007405","error":"Operation `products.findOneAndUpdate()` buffering timed out after 10000ms"},{"product":"110007406","error":"Operation `products.findOneAndUpdate()` buffering timed out after 10000ms"},{"product":"111954120","error":"Operation `products.findOneAndUpdate()` buffering timed out after 10000ms"},{"product":"111954114","error":"Operation `products.findOneAndUpdate()` buffering timed out after 10000ms"},{"product":"7114168","error":"Operation `products.findOneAndUpdate()` buffering timed out after 10000ms"},{"product":"111904125","error":"Operation `products.findOneAndUpdate()` buffering timed out after 10000ms"},{"product":"111937242","error":"Operation `products.findOneAndUpdate()` buffering timed out after 10000ms"},{"product":"7457922","error":"Operation `products.findOneAndUpdate()` buffering timed out after 10000ms"},{"product":"109325141","error":"Operation `products.findOneAndUpdate()` buffering timed out after 10000ms"}]}}
{"timestamp":"2026-03-18T22:15:00.840Z","level":"info","message":"Starting stock sync to Omie","data":null}
{"timestamp":"2026-03-18T22:15:00.854Z","level":"info","message":"Stock sync to Omie completed","data":{"successCount":0,"errorCount":0}}
{"timestamp":"2026-03-18T22:27:46.621Z","level":"info","message":"Starting full stock sync from Omie","data":null}
{"timestamp":"2026-03-18T22:27:46.649Z","level":"error","message":"Stock sync failed - no default location","data":null}
{"timestamp":"2026-03-18T22:28:22.838Z","level":"info","message":"Starting product sync from Omie","data":null}
{"timestamp":"2026-03-18T22:28:22.841Z","level":"debug","message":"Fetching products page 1","data":null}
{"timestamp":"2026-03-18T22:28:23.639Z","level":"debug","message":"Found 10 products on page 1","data":null}
{"timestamp":"2026-03-18T22:28:23.640Z","level":"info","message":"Total products found: 10","data":null}
{"timestamp":"2026-03-18T22:28:23.670Z","level":"debug","message":"Product synced: 1000 - Mouse sem fio Microsoft","data":null}
{"timestamp":"2026-03-18T22:28:23.677Z","level":"debug","message":"Product synced: 110007405 - Console Oficial Xbox 250GB + Kinect Sensor + Jogo Kinect Adventures + Controle sem fio - Microsoft","data":null}
{"timestamp":"2026-03-18T22:28:23.684Z","level":"debug","message":"Product synced: 110007406 - Console Oficial Xbox 360 4Gb com Kinect - Edição Especial Limitada com 2 Jogos e 1 mês de assinatura","data":null}
{"timestamp":"2026-03-18T22:28:23.690Z","level":"debug","message":"Product synced: 111954120 - Console Oficial PlayStation 3 Slim 250 GB - Sony","data":null}
{"timestamp":"2026-03-18T22:28:23.698Z","level":"debug","message":"Product synced: 111954114 - Game Uncharted Drakes Fortune - PS3","data":null}
{"timestamp":"2026-03-18T22:28:23.708Z","level":"debug","message":"Product synced: 7114168 - Game Resident Evil 5 - Gold Edition - PS3","data":null}
{"timestamp":"2026-03-18T22:28:23.714Z","level":"debug","message":"Product synced: 111904125 - Game Resident Evil 6 - PS3","data":null}
{"timestamp":"2026-03-18T22:28:23.720Z","level":"debug","message":"Product synced: 111937242 - Console Nintendo Wii Black Core - RVK","data":null}
{"timestamp":"2026-03-18T22:28:23.727Z","level":"debug","message":"Product synced: 7457922 - Wii Fit Plus ST-WFW01 para Wii - Smart","data":null}
{"timestamp":"2026-03-18T22:28:23.733Z","level":"debug","message":"Product synced: 109325141 - Game Wii Party - Wii","data":null}
{"timestamp":"2026-03-18T22:28:23.734Z","level":"info","message":"Sync operation completed: products_from_omie","data":{"syncedCount":10,"errorsCount":0,"errors":[]}}
{"timestamp":"2026-03-18T22:28:27.825Z","level":"info","message":"Starting full stock sync from Omie","data":null}
{"timestamp":"2026-03-18T22:28:27.863Z","level":"debug","message":"Fetching stock from Omie for product 9522045011","data":null}
{"timestamp":"2026-03-18T22:28:27.903Z","level":"error","message":"API call failed: ConsultarEstoque estoque/consulta/","data":{"params":{"productOmieId":"9522045011"},"error":"Request failed with status code 500"}}
{"timestamp":"2026-03-18T22:28:27.904Z","level":"error","message":"Stock sync failed: sync_from_omie_failed","data":{"productId":"69bb27078b1c7334c21b161a","sku":"1000","omieId":"9522045011","quantity":0,"action":"sync_from_omie_failed","error":"Request failed with status code 500"}}
{"timestamp":"2026-03-18T22:28:27.905Z","level":"debug","message":"Fetching stock from Omie for product 9522045013","data":null}
{"timestamp":"2026-03-18T22:28:27.943Z","level":"error","message":"API call failed: ConsultarEstoque estoque/consulta/","data":{"params":{"productOmieId":"9522045013"},"error":"Request failed with status code 500"}}
{"timestamp":"2026-03-18T22:28:27.945Z","level":"error","message":"Stock sync failed: sync_from_omie_failed","data":{"productId":"69bb27078b1c7334c21b161b","sku":"110007405","omieId":"9522045013","quantity":0,"action":"sync_from_omie_failed","error":"Request failed with status code 500"}}
{"timestamp":"2026-03-18T22:28:27.945Z","level":"debug","message":"Fetching stock from Omie for product 9522045015","data":null}
{"timestamp":"2026-03-18T22:28:27.984Z","level":"error","message":"API call failed: ConsultarEstoque estoque/consulta/","data":{"params":{"productOmieId":"9522045015"},"error":"Request failed with status code 500"}}
{"timestamp":"2026-03-18T22:28:27.985Z","level":"error","message":"Stock sync failed: sync_from_omie_failed","data":{"productId":"69bb27078b1c7334c21b161c","sku":"110007406","omieId":"9522045015","quantity":0,"action":"sync_from_omie_failed","error":"Request failed with status code 500"}}
{"timestamp":"2026-03-18T22:28:27.986Z","level":"debug","message":"Fetching stock from Omie for product 9522045017","data":null}
{"timestamp":"2026-03-18T22:28:28.025Z","level":"error","message":"API call failed: ConsultarEstoque estoque/consulta/","data":{"params":{"productOmieId":"9522045017"},"error":"Request failed with status code 500"}}
{"timestamp":"2026-03-18T22:28:28.026Z","level":"error","message":"Stock sync failed: sync_from_omie_failed","data":{"productId":"69bb27078b1c7334c21b161d","sku":"111954120","omieId":"9522045017","quantity":0,"action":"sync_from_omie_failed","error":"Request failed with status code 500"}}
{"timestamp":"2026-03-18T22:28:28.027Z","level":"debug","message":"Fetching stock from Omie for product 9522045019","data":null}
{"timestamp":"2026-03-18T22:28:28.065Z","level":"error","message":"API call failed: ConsultarEstoque estoque/consulta/","data":{"params":{"productOmieId":"9522045019"},"error":"Request failed with status code 500"}}
{"timestamp":"2026-03-18T22:28:28.065Z","level":"error","message":"Stock sync failed: sync_from_omie_failed","data":{"productId":"69bb27078b1c7334c21b161e","sku":"111954114","omieId":"9522045019","quantity":0,"action":"sync_from_omie_failed","error":"Request failed with status code 500"}}
{"timestamp":"2026-03-18T22:28:28.066Z","level":"debug","message":"Fetching stock from Omie for product 9522045021","data":null}
{"timestamp":"2026-03-18T22:28:28.104Z","level":"error","message":"API call failed: ConsultarEstoque estoque/consulta/","data":{"params":{"productOmieId":"9522045021"},"error":"Request failed with status code 500"}}
{"timestamp":"2026-03-18T22:28:28.105Z","level":"error","message":"Stock sync failed: sync_from_omie_failed","data":{"productId":"69bb27078b1c7334c21b161f","sku":"7114168","omieId":"9522045021","quantity":0,"action":"sync_from_omie_failed","error":"Request failed with status code 500"}}
{"timestamp":"2026-03-18T22:28:28.106Z","level":"debug","message":"Fetching stock from Omie for product 9522045023","data":null}
{"timestamp":"2026-03-18T22:28:28.143Z","level":"error","message":"API call failed: ConsultarEstoque estoque/consulta/","data":{"params":{"productOmieId":"9522045023"},"error":"Request failed with status code 500"}}
{"timestamp":"2026-03-18T22:28:28.144Z","level":"error","message":"Stock sync failed: sync_from_omie_failed","data":{"productId":"69bb27078b1c7334c21b1620","sku":"111904125","omieId":"9522045023","quantity":0,"action":"sync_from_omie_failed","error":"Request failed with status code 500"}}
{"timestamp":"2026-03-18T22:28:28.145Z","level":"debug","message":"Fetching stock from Omie for product 9522045025","data":null}
{"timestamp":"2026-03-18T22:28:28.184Z","level":"error","message":"API call failed: ConsultarEstoque estoque/consulta/","data":{"params":{"productOmieId":"9522045025"},"error":"Request failed with status code 500"}}
{"timestamp":"2026-03-18T22:28:28.185Z","level":"error","message":"Stock sync failed: sync_from_omie_failed","data":{"productId":"69bb27078b1c7334c21b1621","sku":"111937242","omieId":"9522045025","quantity":0,"action":"sync_from_omie_failed","error":"Request failed with status code 500"}}
{"timestamp":"2026-03-18T22:28:28.185Z","level":"debug","message":"Fetching stock from Omie for product 9522045029","data":null}
{"timestamp":"2026-03-18T22:28:28.221Z","level":"error","message":"API call failed: ConsultarEstoque estoque/consulta/","data":{"params":{"productOmieId":"9522045029"},"error":"Request failed with status code 500"}}
{"timestamp":"2026-03-18T22:28:28.222Z","level":"error","message":"Stock sync failed: sync_from_omie_failed","data":{"productId":"69bb27078b1c7334c21b1622","sku":"7457922","omieId":"9522045029","quantity":0,"action":"sync_from_omie_failed","error":"Request failed with status code 500"}}
{"timestamp":"2026-03-18T22:28:28.223Z","level":"debug","message":"Fetching stock from Omie for product 9522045033","data":null}
{"timestamp":"2026-03-18T22:28:28.260Z","level":"error","message":"API call failed: ConsultarEstoque estoque/consulta/","data":{"params":{"productOmieId":"9522045033"},"error":"Request failed with status code 500"}}
{"timestamp":"2026-03-18T22:28:28.261Z","level":"error","message":"Stock sync failed: sync_from_omie_failed","data":{"productId":"69bb27078b1c7334c21b1623","sku":"109325141","omieId":"9522045033","quantity":0,"action":"sync_from_omie_failed","error":"Request failed with status code 500"}}
{"timestamp":"2026-03-18T22:28:28.262Z","level":"info","message":"Sync operation completed: stock_from_omie","data":{"syncedCount":0,"errorsCount":10,"errors":[{"product":"1000","error":"Request failed with status code 500"},{"product":"110007405","error":"Request failed with status code 500"},{"product":"110007406","error":"Request failed with status code 500"},{"product":"111954120","error":"Request failed with status code 500"},{"product":"111954114","error":"Request failed with status code 500"},{"product":"7114168","error":"Request failed with status code 500"},{"product":"111904125","error":"Request failed with status code 500"},{"product":"111937242","error":"Request failed with status code 500"},{"product":"7457922","error":"Request failed with status code 500"},{"product":"109325141","error":"Request failed with status code 500"}]}}
{"timestamp":"2026-03-18T22:30:00.738Z","level":"info","message":"Starting product sync from Omie","data":null}
{"timestamp":"2026-03-18T22:30:00.741Z","level":"debug","message":"Fetching products page 1","data":null}
{"timestamp":"2026-03-18T22:30:00.749Z","level":"info","message":"Starting stock sync to Omie","data":null}
{"timestamp":"2026-03-18T22:30:00.775Z","level":"info","message":"Stock sync to Omie completed","data":{"successCount":0,"errorCount":0}}
{"timestamp":"2026-03-18T22:30:01.386Z","level":"debug","message":"Found 10 products on page 1","data":null}
{"timestamp":"2026-03-18T22:30:01.387Z","level":"info","message":"Total products found: 10","data":null}
{"timestamp":"2026-03-18T22:30:01.422Z","level":"debug","message":"Product synced: 1000 - Mouse sem fio Microsoft","data":null}
{"timestamp":"2026-03-18T22:30:01.428Z","level":"debug","message":"Product synced: 110007405 - Console Oficial Xbox 250GB + Kinect Sensor + Jogo Kinect Adventures + Controle sem fio - Microsoft","data":null}
{"timestamp":"2026-03-18T22:30:01.440Z","level":"debug","message":"Product synced: 110007406 - Console Oficial Xbox 360 4Gb com Kinect - Edição Especial Limitada com 2 Jogos e 1 mês de assinatura","data":null}
{"timestamp":"2026-03-18T22:30:01.450Z","level":"debug","message":"Product synced: 111954120 - Console Oficial PlayStation 3 Slim 250 GB - Sony","data":null}
{"timestamp":"2026-03-18T22:30:01.458Z","level":"debug","message":"Product synced: 111954114 - Game Uncharted Drakes Fortune - PS3","data":null}
{"timestamp":"2026-03-18T22:30:01.469Z","level":"debug","message":"Product synced: 7114168 - Game Resident Evil 5 - Gold Edition - PS3","data":null}
{"timestamp":"2026-03-18T22:30:01.478Z","level":"debug","message":"Product synced: 111904125 - Game Resident Evil 6 - PS3","data":null}
{"timestamp":"2026-03-18T22:30:01.490Z","level":"debug","message":"Product synced: 111937242 - Console Nintendo Wii Black Core - RVK","data":null}
{"timestamp":"2026-03-18T22:30:01.496Z","level":"debug","message":"Product synced: 7457922 - Wii Fit Plus ST-WFW01 para Wii - Smart","data":null}
{"timestamp":"2026-03-18T22:30:01.508Z","level":"debug","message":"Product synced: 109325141 - Game Wii Party - Wii","data":null}
{"timestamp":"2026-03-18T22:30:01.509Z","level":"info","message":"Sync operation completed: products_from_omie","data":{"syncedCount":10,"errorsCount":0,"errors":[]}}
{"timestamp":"2026-03-18T22:31:39.178Z","level":"info","message":"Starting full stock sync from Omie","data":null}
{"timestamp":"2026-03-18T22:31:39.182Z","level":"info","message":"Syncing products first to get latest data...","data":null}
{"timestamp":"2026-03-18T22:31:39.183Z","level":"info","message":"Starting product sync from Omie","data":null}
{"timestamp":"2026-03-18T22:31:39.184Z","level":"debug","message":"Fetching products page 1","data":null}
{"timestamp":"2026-03-18T22:31:39.823Z","level":"debug","message":"Found 10 products on page 1","data":null}
{"timestamp":"2026-03-18T22:31:39.824Z","level":"info","message":"Total products found: 10","data":null}
{"timestamp":"2026-03-18T22:31:39.848Z","level":"debug","message":"Product synced: 1000 - Mouse sem fio Microsoft","data":null}
{"timestamp":"2026-03-18T22:31:39.853Z","level":"debug","message":"Product synced: 110007405 - Console Oficial Xbox 250GB + Kinect Sensor + Jogo Kinect Adventures + Controle sem fio - Microsoft","data":null}
{"timestamp":"2026-03-18T22:31:39.858Z","level":"debug","message":"Product synced: 110007406 - Console Oficial Xbox 360 4Gb com Kinect - Edição Especial Limitada com 2 Jogos e 1 mês de assinatura","data":null}
{"timestamp":"2026-03-18T22:31:39.863Z","level":"debug","message":"Product synced: 111954120 - Console Oficial PlayStation 3 Slim 250 GB - Sony","data":null}
{"timestamp":"2026-03-18T22:31:39.869Z","level":"debug","message":"Product synced: 111954114 - Game Uncharted Drakes Fortune - PS3","data":null}
{"timestamp":"2026-03-18T22:31:39.874Z","level":"debug","message":"Product synced: 7114168 - Game Resident Evil 5 - Gold Edition - PS3","data":null}
{"timestamp":"2026-03-18T22:31:39.879Z","level":"debug","message":"Product synced: 111904125 - Game Resident Evil 6 - PS3","data":null}
{"timestamp":"2026-03-18T22:31:39.884Z","level":"debug","message":"Product synced: 111937242 - Console Nintendo Wii Black Core - RVK","data":null}
{"timestamp":"2026-03-18T22:31:39.899Z","level":"debug","message":"Product synced: 7457922 - Wii Fit Plus ST-WFW01 para Wii - Smart","data":null}
{"timestamp":"2026-03-18T22:31:39.905Z","level":"debug","message":"Product synced: 109325141 - Game Wii Party - Wii","data":null}
{"timestamp":"2026-03-18T22:31:39.906Z","level":"info","message":"Sync operation completed: products_from_omie","data":{"syncedCount":10,"errorsCount":0,"errors":[]}}
{"timestamp":"2026-03-18T22:31:39.921Z","level":"debug","message":"Fetching stock from Omie for product 9522045011","data":null}
{"timestamp":"2026-03-18T22:31:39.965Z","level":"error","message":"API call failed: ConsultarEstoque estoque/consulta/","data":{"params":{"productOmieId":"9522045011"},"error":"Request failed with status code 500"}}
{"timestamp":"2026-03-18T22:31:39.966Z","level":"warn","message":"Failed to get stock from API for 1000, trying product data...","data":null}
{"timestamp":"2026-03-18T22:31:39.967Z","level":"debug","message":"Fetching product from Omie: 9522045011","data":null}
{"timestamp":"2026-03-18T22:31:40.535Z","level":"debug","message":"API call success: ConsultarProduto geral/produtos/","data":{"params":{"productOmieId":"9522045011"},"result":{"codigo_produto":9522045011,"codigo_produto_integracao":"","codigo":"1000","descricao":"Mouse sem fio Microsoft","unidade":"UN","ncm":"9504.10.99","ean":"","valor_unitario":150,"codigo_familia":0,"tipoItem":"00","produto_variacao":"N","produto_lote":"N","variacao":"N","id_produto_variacao":0,"recomendacoes_fiscais":{"cnpj_fabricante":"","cupom_fiscal":"N","id_cest":"","id_preco_tabelado":0,"indicador_escala":"","market_place":"N","origem_mercadoria":""},"peso_liq":0,"peso_bruto":0,"altura":0,"largura":0,"profundidade":0,"marca":"","modelo":"","dias_garantia":0,"dias_crossdocking":0,"descr_detalhada":"","obs_internas":"","imagens":[],"videos":null,"caracteristicas":null,"tabelas_preco":null,"info":{"dAlt":"16/03/2026","dInc":"16/03/2026","hAlt":"21:51:10","hInc":"21:51:10","uAlt":"P001370688","uInc":"P001370688"},"exibir_descricao_nfe":"N","exibir_descricao_pedido":"N","medicamento":null,"combustivel":null,"veiculo":null,"armamento":null,"cst_icms":"","modalidade_icms":"","csosn_icms":"","aliquota_icms":0,"red_base_icms":0,"motivo_deson_icms":"","per_icms_fcp":0,"codigo_beneficio":"","cst_pis":"","aliquota_pis":0,"red_base_pis":0,"cst_cofins":"","aliquota_cofins":0,"red_base_cofins":0,"cfop":"","dadosIbpt":{"aliqEstadual":0,"aliqFederal":0,"aliqMunicipal":0,"chave":"","fonte":"","valido_ate":"","valido_de":"","versao":""},"codInt_familia":"","descricao_familia":"","bloqueado":"N","bloquear_exclusao":"N","importado_api":"N","inativo":"N","componentes_kit":null,"lead_time":0,"aliquota_ibpt":0,"cest":"","quantidade_estoque":0,"estoque_minimo":0,"origem_imposto":"","cst_ibs_cbs":"","class_trib":"","aliquota_ibs_uf":0,"aliquota_ibs_mun":0,"perc_reducao_ibs_uf":0,"perc_reducao_ibs_mun":0,"aliquota_cbs":0,"perc_reducao_cbs":0}}}
{"timestamp":"2026-03-18T22:31:40.536Z","level":"info","message":"Using stock quantity from product data for 1000: 0","data":null}
{"timestamp":"2026-03-18T22:31:40.548Z","level":"info","message":"Stock sync success: synced_from_omie","data":{"productId":"69bb27078b1c7334c21b161a","sku":"1000","omieId":"9522045011","quantity":0,"action":"synced_from_omie"}}
{"timestamp":"2026-03-18T22:31:40.551Z","level":"debug","message":"Fetching stock from Omie for product 9522045013","data":null}
{"timestamp":"2026-03-18T22:31:40.588Z","level":"error","message":"API call failed: ConsultarEstoque estoque/consulta/","data":{"params":{"productOmieId":"9522045013"},"error":"Request failed with status code 500"}}
{"timestamp":"2026-03-18T22:31:40.589Z","level":"warn","message":"Failed to get stock from API for 110007405, trying product data...","data":null}
{"timestamp":"2026-03-18T22:31:40.590Z","level":"debug","message":"Fetching product from Omie: 9522045013","data":null}
{"timestamp":"2026-03-18T22:31:41.167Z","level":"debug","message":"API call success: ConsultarProduto geral/produtos/","data":{"params":{"productOmieId":"9522045013"},"result":{"codigo_produto":9522045013,"codigo_produto_integracao":"","codigo":"110007405","descricao":"Console Oficial Xbox 250GB + Kinect Sensor + Jogo Kinect Adventures + Controle sem fio - Microsoft","unidade":"PC","ncm":"9504.10.10","ean":"885370315318","valor_unitario":1399.9,"codigo_familia":0,"tipoItem":"00","produto_variacao":"N","produto_lote":"N","variacao":"N","id_produto_variacao":0,"recomendacoes_fiscais":{"cnpj_fabricante":"","cupom_fiscal":"N","id_cest":"","id_preco_tabelado":0,"indicador_escala":"","market_place":"N","origem_mercadoria":""},"peso_liq":0,"peso_bruto":0,"altura":0,"largura":0,"profundidade":0,"marca":"","modelo":"","dias_garantia":0,"dias_crossdocking":0,"descr_detalhada":"","obs_internas":"","imagens":[],"videos":null,"caracteristicas":null,"tabelas_preco":null,"info":{"dAlt":"16/03/2026","dInc":"16/03/2026","hAlt":"21:51:10","hInc":"21:51:10","uAlt":"P001370688","uInc":"P001370688"},"exibir_descricao_nfe":"N","exibir_descricao_pedido":"N","medicamento":null,"combustivel":null,"veiculo":null,"armamento":null,"cst_icms":"","modalidade_icms":"","csosn_icms":"","aliquota_icms":0,"red_base_icms":0,"motivo_deson_icms":"","per_icms_fcp":0,"codigo_beneficio":"","cst_pis":"","aliquota_pis":0,"red_base_pis":0,"cst_cofins":"","aliquota_cofins":0,"red_base_cofins":0,"cfop":"","dadosIbpt":{"aliqEstadual":0,"aliqFederal":0,"aliqMunicipal":0,"chave":"","fonte":"","valido_ate":"","valido_de":"","versao":""},"codInt_familia":"","descricao_familia":"","bloqueado":"N","bloquear_exclusao":"N","importado_api":"N","inativo":"N","componentes_kit":null,"lead_time":0,"aliquota_ibpt":0,"cest":"","quantidade_estoque":0,"estoque_minimo":0,"origem_imposto":"","cst_ibs_cbs":"","class_trib":"","aliquota_ibs_uf":0,"aliquota_ibs_mun":0,"perc_reducao_ibs_uf":0,"perc_reducao_ibs_mun":0,"aliquota_cbs":0,"perc_reducao_cbs":0}}}
{"timestamp":"2026-03-18T22:31:41.168Z","level":"info","message":"Using stock quantity from product data for 110007405: 0","data":null}
{"timestamp":"2026-03-18T22:31:41.175Z","level":"info","message":"Stock sync success: synced_from_omie","data":{"productId":"69bb27078b1c7334c21b161b","sku":"110007405","omieId":"9522045013","quantity":0,"action":"synced_from_omie"}}
{"timestamp":"2026-03-18T22:31:41.176Z","level":"debug","message":"Fetching stock from Omie for product 9522045015","data":null}
{"timestamp":"2026-03-18T22:31:41.214Z","level":"error","message":"API call failed: ConsultarEstoque estoque/consulta/","data":{"params":{"productOmieId":"9522045015"},"error":"Request failed with status code 500"}}
{"timestamp":"2026-03-18T22:31:41.215Z","level":"warn","message":"Failed to get stock from API for 110007406, trying product data...","data":null}
{"timestamp":"2026-03-18T22:31:41.216Z","level":"debug","message":"Fetching product from Omie: 9522045015","data":null}
{"timestamp":"2026-03-18T22:31:41.777Z","level":"debug","message":"API call success: ConsultarProduto geral/produtos/","data":{"params":{"productOmieId":"9522045015"},"result":{"codigo_produto":9522045015,"codigo_produto_integracao":"","codigo":"110007406","descricao":"Console Oficial Xbox 360 4Gb com Kinect - Edição Especial Limitada com 2 Jogos e 1 mês de assinatura","unidade":"PC","ncm":"9504.10.10","ean":"885370315318","valor_unitario":1199,"codigo_familia":0,"tipoItem":"00","produto_variacao":"N","produto_lote":"N","variacao":"N","id_produto_variacao":0,"recomendacoes_fiscais":{"cnpj_fabricante":"","cupom_fiscal":"N","id_cest":"","id_preco_tabelado":0,"indicador_escala":"","market_place":"N","origem_mercadoria":""},"peso_liq":0,"peso_bruto":0,"altura":0,"largura":0,"profundidade":0,"marca":"","modelo":"","dias_garantia":0,"dias_crossdocking":0,"descr_detalhada":"","obs_internas":"","imagens":[],"videos":null,"caracteristicas":null,"tabelas_preco":null,"info":{"dAlt":"16/03/2026","dInc":"16/03/2026","hAlt":"21:51:10","hInc":"21:51:10","uAlt":"P001370688","uInc":"P001370688"},"exibir_descricao_nfe":"N","exibir_descricao_pedido":"N","medicamento":null,"combustivel":null,"veiculo":null,"armamento":null,"cst_icms":"","modalidade_icms":"","csosn_icms":"","aliquota_icms":0,"red_base_icms":0,"motivo_deson_icms":"","per_icms_fcp":0,"codigo_beneficio":"","cst_pis":"","aliquota_pis":0,"red_base_pis":0,"cst_cofins":"","aliquota_cofins":0,"red_base_cofins":0,"cfop":"","dadosIbpt":{"aliqEstadual":0,"aliqFederal":0,"aliqMunicipal":0,"chave":"","fonte":"","valido_ate":"","valido_de":"","versao":""},"codInt_familia":"","descricao_familia":"","bloqueado":"N","bloquear_exclusao":"N","importado_api":"N","inativo":"N","componentes_kit":null,"lead_time":0,"aliquota_ibpt":0,"cest":"","quantidade_estoque":0,"estoque_minimo":0,"origem_imposto":"","cst_ibs_cbs":"","class_trib":"","aliquota_ibs_uf":0,"aliquota_ibs_mun":0,"perc_reducao_ibs_uf":0,"perc_reducao_ibs_mun":0,"aliquota_cbs":0,"perc_reducao_cbs":0}}}
{"timestamp":"2026-03-18T22:31:41.777Z","level":"info","message":"Using stock quantity from product data for 110007406: 0","data":null}
{"timestamp":"2026-03-18T22:31:41.784Z","level":"info","message":"Stock sync success: synced_from_omie","data":{"productId":"69bb27078b1c7334c21b161c","sku":"110007406","omieId":"9522045015","quantity":0,"action":"synced_from_omie"}}
{"timestamp":"2026-03-18T22:31:41.785Z","level":"debug","message":"Fetching stock from Omie for product 9522045017","data":null}
{"timestamp":"2026-03-18T22:31:41.824Z","level":"error","message":"API call failed: ConsultarEstoque estoque/consulta/","data":{"params":{"productOmieId":"9522045017"},"error":"Request failed with status code 500"}}
{"timestamp":"2026-03-18T22:31:41.825Z","level":"warn","message":"Failed to get stock from API for 111954120, trying product data...","data":null}
{"timestamp":"2026-03-18T22:31:41.826Z","level":"debug","message":"Fetching product from Omie: 9522045017","data":null}
{"timestamp":"2026-03-18T22:31:42.372Z","level":"debug","message":"API call success: ConsultarProduto geral/produtos/","data":{"params":{"productOmieId":"9522045017"},"result":{"codigo_produto":9522045017,"codigo_produto_integracao":"","codigo":"111954120","descricao":"Console Oficial PlayStation 3 Slim 250 GB - Sony","unidade":"PC","ncm":"9504.10.10","ean":"711719990802","valor_unitario":1699.9,"codigo_familia":0,"tipoItem":"00","produto_variacao":"N","produto_lote":"N","variacao":"N","id_produto_variacao":0,"recomendacoes_fiscais":{"cnpj_fabricante":"","cupom_fiscal":"N","id_cest":"","id_preco_tabelado":0,"indicador_escala":"","market_place":"N","origem_mercadoria":""},"peso_liq":0,"peso_bruto":0,"altura":0,"largura":0,"profundidade":0,"marca":"","modelo":"","dias_garantia":0,"dias_crossdocking":0,"descr_detalhada":"","obs_internas":"","imagens":[],"videos":null,"caracteristicas":null,"tabelas_preco":null,"info":{"dAlt":"16/03/2026","dInc":"16/03/2026","hAlt":"21:51:11","hInc":"21:51:11","uAlt":"P001370688","uInc":"P001370688"},"exibir_descricao_nfe":"N","exibir_descricao_pedido":"N","medicamento":null,"combustivel":null,"veiculo":null,"armamento":null,"cst_icms":"","modalidade_icms":"","csosn_icms":"","aliquota_icms":0,"red_base_icms":0,"motivo_deson_icms":"","per_icms_fcp":0,"codigo_beneficio":"","cst_pis":"","aliquota_pis":0,"red_base_pis":0,"cst_cofins":"","aliquota_cofins":0,"red_base_cofins":0,"cfop":"","dadosIbpt":{"aliqEstadual":0,"aliqFederal":0,"aliqMunicipal":0,"chave":"","fonte":"","valido_ate":"","valido_de":"","versao":""},"codInt_familia":"","descricao_familia":"","bloqueado":"N","bloquear_exclusao":"N","importado_api":"N","inativo":"N","componentes_kit":null,"lead_time":0,"aliquota_ibpt":0,"cest":"","quantidade_estoque":0,"estoque_minimo":0,"origem_imposto":"","cst_ibs_cbs":"","class_trib":"","aliquota_ibs_uf":0,"aliquota_ibs_mun":0,"perc_reducao_ibs_uf":0,"perc_reducao_ibs_mun":0,"aliquota_cbs":0,"perc_reducao_cbs":0}}}
{"timestamp":"2026-03-18T22:31:42.373Z","level":"info","message":"Using stock quantity from product data for 111954120: 0","data":null}
{"timestamp":"2026-03-18T22:31:42.378Z","level":"info","message":"Stock sync success: synced_from_omie","data":{"productId":"69bb27078b1c7334c21b161d","sku":"111954120","omieId":"9522045017","quantity":0,"action":"synced_from_omie"}}
{"timestamp":"2026-03-18T22:31:42.379Z","level":"debug","message":"Fetching stock from Omie for product 9522045019","data":null}
{"timestamp":"2026-03-18T22:31:42.422Z","level":"error","message":"API call failed: ConsultarEstoque estoque/consulta/","data":{"params":{"productOmieId":"9522045019"},"error":"Request failed with status code 500"}}
{"timestamp":"2026-03-18T22:31:42.423Z","level":"warn","message":"Failed to get stock from API for 111954114, trying product data...","data":null}
{"timestamp":"2026-03-18T22:31:42.423Z","level":"debug","message":"Fetching product from Omie: 9522045019","data":null}
{"timestamp":"2026-03-18T22:31:42.953Z","level":"debug","message":"API call success: ConsultarProduto geral/produtos/","data":{"params":{"productOmieId":"9522045019"},"result":{"codigo_produto":9522045019,"codigo_produto_integracao":"","codigo":"111954114","descricao":"Game Uncharted Drakes Fortune - PS3","unidade":"PC","ncm":"9504.10.91","ean":"711719810322","valor_unitario":89.9,"codigo_familia":0,"tipoItem":"00","produto_variacao":"N","produto_lote":"N","variacao":"N","id_produto_variacao":0,"recomendacoes_fiscais":{"cnpj_fabricante":"","cupom_fiscal":"N","id_cest":"","id_preco_tabelado":0,"indicador_escala":"","market_place":"N","origem_mercadoria":""},"peso_liq":0,"peso_bruto":0,"altura":0,"largura":0,"profundidade":0,"marca":"","modelo":"","dias_garantia":0,"dias_crossdocking":0,"descr_detalhada":"","obs_internas":"","imagens":[],"videos":null,"caracteristicas":null,"tabelas_preco":null,"info":{"dAlt":"16/03/2026","dInc":"16/03/2026","hAlt":"21:51:11","hInc":"21:51:11","uAlt":"P001370688","uInc":"P001370688"},"exibir_descricao_nfe":"N","exibir_descricao_pedido":"N","medicamento":null,"combustivel":null,"veiculo":null,"armamento":null,"cst_icms":"","modalidade_icms":"","csosn_icms":"","aliquota_icms":0,"red_base_icms":0,"motivo_deson_icms":"","per_icms_fcp":0,"codigo_beneficio":"","cst_pis":"","aliquota_pis":0,"red_base_pis":0,"cst_cofins":"","aliquota_cofins":0,"red_base_cofins":0,"cfop":"","dadosIbpt":{"aliqEstadual":0,"aliqFederal":0,"aliqMunicipal":0,"chave":"","fonte":"","valido_ate":"","valido_de":"","versao":""},"codInt_familia":"","descricao_familia":"","bloqueado":"N","bloquear_exclusao":"N","importado_api":"N","inativo":"N","componentes_kit":null,"lead_time":0,"aliquota_ibpt":0,"cest":"","quantidade_estoque":0,"estoque_minimo":0,"origem_imposto":"","cst_ibs_cbs":"","class_trib":"","aliquota_ibs_uf":0,"aliquota_ibs_mun":0,"perc_reducao_ibs_uf":0,"perc_reducao_ibs_mun":0,"aliquota_cbs":0,"perc_reducao_cbs":0}}}
{"timestamp":"2026-03-18T22:31:42.954Z","level":"info","message":"Using stock quantity from product data for 111954114: 0","data":null}
{"timestamp":"2026-03-18T22:31:42.958Z","level":"info","message":"Stock sync success: synced_from_omie","data":{"productId":"69bb27078b1c7334c21b161e","sku":"111954114","omieId":"9522045019","quantity":0,"action":"synced_from_omie"}}
{"timestamp":"2026-03-18T22:31:42.959Z","level":"debug","message":"Fetching stock from Omie for product 9522045021","data":null}
{"timestamp":"2026-03-18T22:31:42.996Z","level":"error","message":"API call failed: ConsultarEstoque estoque/consulta/","data":{"params":{"productOmieId":"9522045021"},"error":"Request failed with status code 500"}}
{"timestamp":"2026-03-18T22:31:42.997Z","level":"warn","message":"Failed to get stock from API for 7114168, trying product data...","data":null}
{"timestamp":"2026-03-18T22:31:42.998Z","level":"debug","message":"Fetching product from Omie: 9522045021","data":null}
{"timestamp":"2026-03-18T22:31:43.574Z","level":"debug","message":"API call success: ConsultarProduto geral/produtos/","data":{"params":{"productOmieId":"9522045021"},"result":{"codigo_produto":9522045021,"codigo_produto_integracao":"","codigo":"7114168","descricao":"Game Resident Evil 5 - Gold Edition - PS3","unidade":"PC","ncm":"9504.10.91","ean":"13388340330","valor_unitario":159,"codigo_familia":0,"tipoItem":"00","produto_variacao":"N","produto_lote":"N","variacao":"N","id_produto_variacao":0,"recomendacoes_fiscais":{"cnpj_fabricante":"","cupom_fiscal":"N","id_cest":"","id_preco_tabelado":0,"indicador_escala":"","market_place":"N","origem_mercadoria":""},"peso_liq":0,"peso_bruto":0,"altura":0,"largura":0,"profundidade":0,"marca":"","modelo":"","dias_garantia":0,"dias_crossdocking":0,"descr_detalhada":"","obs_internas":"","imagens":[],"videos":null,"caracteristicas":null,"tabelas_preco":null,"info":{"dAlt":"16/03/2026","dInc":"16/03/2026","hAlt":"21:51:11","hInc":"21:51:11","uAlt":"P001370688","uInc":"P001370688"},"exibir_descricao_nfe":"N","exibir_descricao_pedido":"N","medicamento":null,"combustivel":null,"veiculo":null,"armamento":null,"cst_icms":"","modalidade_icms":"","csosn_icms":"","aliquota_icms":0,"red_base_icms":0,"motivo_deson_icms":"","per_icms_fcp":0,"codigo_beneficio":"","cst_pis":"","aliquota_pis":0,"red_base_pis":0,"cst_cofins":"","aliquota_cofins":0,"red_base_cofins":0,"cfop":"","dadosIbpt":{"aliqEstadual":0,"aliqFederal":0,"aliqMunicipal":0,"chave":"","fonte":"","valido_ate":"","valido_de":"","versao":""},"codInt_familia":"","descricao_familia":"","bloqueado":"N","bloquear_exclusao":"N","importado_api":"N","inativo":"N","componentes_kit":null,"lead_time":0,"aliquota_ibpt":0,"cest":"","quantidade_estoque":0,"estoque_minimo":0,"origem_imposto":"","cst_ibs_cbs":"","class_trib":"","aliquota_ibs_uf":0,"aliquota_ibs_mun":0,"perc_reducao_ibs_uf":0,"perc_reducao_ibs_mun":0,"aliquota_cbs":0,"perc_reducao_cbs":0}}}
{"timestamp":"2026-03-18T22:31:43.575Z","level":"info","message":"Using stock quantity from product data for 7114168: 0","data":null}
{"timestamp":"2026-03-18T22:31:43.580Z","level":"info","message":"Stock sync success: synced_from_omie","data":{"productId":"69bb27078b1c7334c21b161f","sku":"7114168","omieId":"9522045021","quantity":0,"action":"synced_from_omie"}}
{"timestamp":"2026-03-18T22:31:43.581Z","level":"debug","message":"Fetching stock from Omie for product 9522045023","data":null}
{"timestamp":"2026-03-18T22:31:43.625Z","level":"error","message":"API call failed: ConsultarEstoque estoque/consulta/","data":{"params":{"productOmieId":"9522045023"},"error":"Request failed with status code 500"}}
{"timestamp":"2026-03-18T22:31:43.626Z","level":"warn","message":"Failed to get stock from API for 111904125, trying product data...","data":null}
{"timestamp":"2026-03-18T22:31:43.627Z","level":"debug","message":"Fetching product from Omie: 9522045023","data":null}
{"timestamp":"2026-03-18T22:31:44.137Z","level":"debug","message":"API call success: ConsultarProduto geral/produtos/","data":{"params":{"productOmieId":"9522045023"},"result":{"codigo_produto":9522045023,"codigo_produto_integracao":"","codigo":"111904125","descricao":"Game Resident Evil 6 - PS3","unidade":"PC","ncm":"9504.10.91","ean":"13388932047","valor_unitario":199.9,"codigo_familia":0,"tipoItem":"00","produto_variacao":"N","produto_lote":"N","variacao":"N","id_produto_variacao":0,"recomendacoes_fiscais":{"cnpj_fabricante":"","cupom_fiscal":"N","id_cest":"","id_preco_tabelado":0,"indicador_escala":"","market_place":"N","origem_mercadoria":""},"peso_liq":0,"peso_bruto":0,"altura":0,"largura":0,"profundidade":0,"marca":"","modelo":"","dias_garantia":0,"dias_crossdocking":0,"descr_detalhada":"","obs_internas":"","imagens":[],"videos":null,"caracteristicas":null,"tabelas_preco":null,"info":{"dAlt":"16/03/2026","dInc":"16/03/2026","hAlt":"21:51:12","hInc":"21:51:12","uAlt":"P001370688","uInc":"P001370688"},"exibir_descricao_nfe":"N","exibir_descricao_pedido":"N","medicamento":null,"combustivel":null,"veiculo":null,"armamento":null,"cst_icms":"","modalidade_icms":"","csosn_icms":"","aliquota_icms":0,"red_base_icms":0,"motivo_deson_icms":"","per_icms_fcp":0,"codigo_beneficio":"","cst_pis":"","aliquota_pis":0,"red_base_pis":0,"cst_cofins":"","aliquota_cofins":0,"red_base_cofins":0,"cfop":"","dadosIbpt":{"aliqEstadual":0,"aliqFederal":0,"aliqMunicipal":0,"chave":"","fonte":"","valido_ate":"","valido_de":"","versao":""},"codInt_familia":"","descricao_familia":"","bloqueado":"N","bloquear_exclusao":"N","importado_api":"N","inativo":"N","componentes_kit":null,"lead_time":0,"aliquota_ibpt":0,"cest":"","quantidade_estoque":0,"estoque_minimo":0,"origem_imposto":"","cst_ibs_cbs":"","class_trib":"","aliquota_ibs_uf":0,"aliquota_ibs_mun":0,"perc_reducao_ibs_uf":0,"perc_reducao_ibs_mun":0,"aliquota_cbs":0,"perc_reducao_cbs":0}}}
{"timestamp":"2026-03-18T22:31:44.138Z","level":"info","message":"Using stock quantity from product data for 111904125: 0","data":null}
{"timestamp":"2026-03-18T22:31:44.141Z","level":"info","message":"Stock sync success: synced_from_omie","data":{"productId":"69bb27078b1c7334c21b1620","sku":"111904125","omieId":"9522045023","quantity":0,"action":"synced_from_omie"}}
{"timestamp":"2026-03-18T22:31:44.143Z","level":"debug","message":"Fetching stock from Omie for product 9522045025","data":null}
{"timestamp":"2026-03-18T22:31:44.181Z","level":"error","message":"API call failed: ConsultarEstoque estoque/consulta/","data":{"params":{"productOmieId":"9522045025"},"error":"Request failed with status code 500"}}
{"timestamp":"2026-03-18T22:31:44.182Z","level":"warn","message":"Failed to get stock from API for 111937242, trying product data...","data":null}
{"timestamp":"2026-03-18T22:31:44.183Z","level":"debug","message":"Fetching product from Omie: 9522045025","data":null}
{"timestamp":"2026-03-18T22:31:44.719Z","level":"debug","message":"API call success: ConsultarProduto geral/produtos/","data":{"params":{"productOmieId":"9522045025"},"result":{"codigo_produto":9522045025,"codigo_produto_integracao":"","codigo":"111937242","descricao":"Console Nintendo Wii Black Core - RVK","unidade":"PC","ncm":"9504.10.10","ean":"0045496880651","valor_unitario":799,"codigo_familia":0,"tipoItem":"00","produto_variacao":"N","produto_lote":"N","variacao":"N","id_produto_variacao":0,"recomendacoes_fiscais":{"cnpj_fabricante":"","cupom_fiscal":"N","id_cest":"","id_preco_tabelado":0,"indicador_escala":"","market_place":"N","origem_mercadoria":""},"peso_liq":0,"peso_bruto":0,"altura":0,"largura":0,"profundidade":0,"marca":"","modelo":"","dias_garantia":0,"dias_crossdocking":0,"descr_detalhada":"","obs_internas":"","imagens":[],"videos":null,"caracteristicas":null,"tabelas_preco":null,"info":{"dAlt":"16/03/2026","dInc":"16/03/2026","hAlt":"21:51:12","hInc":"21:51:12","uAlt":"P001370688","uInc":"P001370688"},"exibir_descricao_nfe":"N","exibir_descricao_pedido":"N","medicamento":null,"combustivel":null,"veiculo":null,"armamento":null,"cst_icms":"","modalidade_icms":"","csosn_icms":"","aliquota_icms":0,"red_base_icms":0,"motivo_deson_icms":"","per_icms_fcp":0,"codigo_beneficio":"","cst_pis":"","aliquota_pis":0,"red_base_pis":0,"cst_cofins":"","aliquota_cofins":0,"red_base_cofins":0,"cfop":"","dadosIbpt":{"aliqEstadual":0,"aliqFederal":0,"aliqMunicipal":0,"chave":"","fonte":"","valido_ate":"","valido_de":"","versao":""},"codInt_familia":"","descricao_familia":"","bloqueado":"N","bloquear_exclusao":"N","importado_api":"N","inativo":"N","componentes_kit":null,"lead_time":0,"aliquota_ibpt":0,"cest":"","quantidade_estoque":0,"estoque_minimo":0,"origem_imposto":"","cst_ibs_cbs":"","class_trib":"","aliquota_ibs_uf":0,"aliquota_ibs_mun":0,"perc_reducao_ibs_uf":0,"perc_reducao_ibs_mun":0,"aliquota_cbs":0,"perc_reducao_cbs":0}}}
{"timestamp":"2026-03-18T22:31:44.720Z","level":"info","message":"Using stock quantity from product data for 111937242: 0","data":null}
{"timestamp":"2026-03-18T22:31:44.724Z","level":"info","message":"Stock sync success: synced_from_omie","data":{"productId":"69bb27078b1c7334c21b1621","sku":"111937242","omieId":"9522045025","quantity":0,"action":"synced_from_omie"}}
{"timestamp":"2026-03-18T22:31:44.724Z","level":"debug","message":"Fetching stock from Omie for product 9522045029","data":null}
{"timestamp":"2026-03-18T22:31:44.761Z","level":"error","message":"API call failed: ConsultarEstoque estoque/consulta/","data":{"params":{"productOmieId":"9522045029"},"error":"Request failed with status code 500"}}
{"timestamp":"2026-03-18T22:31:44.762Z","level":"warn","message":"Failed to get stock from API for 7457922, trying product data...","data":null}
{"timestamp":"2026-03-18T22:31:44.763Z","level":"debug","message":"Fetching product from Omie: 9522045029","data":null}
{"timestamp":"2026-03-18T22:31:45.226Z","level":"debug","message":"API call success: ConsultarProduto geral/produtos/","data":{"params":{"productOmieId":"9522045029"},"result":{"codigo_produto":9522045029,"codigo_produto_integracao":"","codigo":"7457922","descricao":"Wii Fit Plus ST-WFW01 para Wii - Smart","unidade":"PC","ncm":"9504.10.10","ean":"7898511120040","valor_unitario":339,"codigo_familia":0,"tipoItem":"00","produto_variacao":"N","produto_lote":"N","variacao":"N","id_produto_variacao":0,"recomendacoes_fiscais":{"cnpj_fabricante":"","cupom_fiscal":"N","id_cest":"","id_preco_tabelado":0,"indicador_escala":"","market_place":"N","origem_mercadoria":""},"peso_liq":0,"peso_bruto":0,"altura":0,"largura":0,"profundidade":0,"marca":"","modelo":"","dias_garantia":0,"dias_crossdocking":0,"descr_detalhada":"","obs_internas":"","imagens":[],"videos":null,"caracteristicas":null,"tabelas_preco":null,"info":{"dAlt":"16/03/2026","dInc":"16/03/2026","hAlt":"21:51:12","hInc":"21:51:12","uAlt":"P001370688","uInc":"P001370688"},"exibir_descricao_nfe":"N","exibir_descricao_pedido":"N","medicamento":null,"combustivel":null,"veiculo":null,"armamento":null,"cst_icms":"","modalidade_icms":"","csosn_icms":"","aliquota_icms":0,"red_base_icms":0,"motivo_deson_icms":"","per_icms_fcp":0,"codigo_beneficio":"","cst_pis":"","aliquota_pis":0,"red_base_pis":0,"cst_cofins":"","aliquota_cofins":0,"red_base_cofins":0,"cfop":"","dadosIbpt":{"aliqEstadual":0,"aliqFederal":0,"aliqMunicipal":0,"chave":"","fonte":"","valido_ate":"","valido_de":"","versao":""},"codInt_familia":"","descricao_familia":"","bloqueado":"N","bloquear_exclusao":"N","importado_api":"N","inativo":"N","componentes_kit":null,"lead_time":0,"aliquota_ibpt":0,"cest":"","quantidade_estoque":0,"estoque_minimo":0,"origem_imposto":"","cst_ibs_cbs":"","class_trib":"","aliquota_ibs_uf":0,"aliquota_ibs_mun":0,"perc_reducao_ibs_uf":0,"perc_reducao_ibs_mun":0,"aliquota_cbs":0,"perc_reducao_cbs":0}}}
{"timestamp":"2026-03-18T22:31:45.228Z","level":"info","message":"Using stock quantity from product data for 7457922: 0","data":null}
{"timestamp":"2026-03-18T22:31:45.234Z","level":"info","message":"Stock sync success: synced_from_omie","data":{"productId":"69bb27078b1c7334c21b1622","sku":"7457922","omieId":"9522045029","quantity":0,"action":"synced_from_omie"}}
{"timestamp":"2026-03-18T22:31:45.235Z","level":"debug","message":"Fetching stock from Omie for product 9522045033","data":null}
{"timestamp":"2026-03-18T22:31:45.271Z","level":"error","message":"API call failed: ConsultarEstoque estoque/consulta/","data":{"params":{"productOmieId":"9522045033"},"error":"Request failed with status code 500"}}
{"timestamp":"2026-03-18T22:31:45.272Z","level":"warn","message":"Failed to get stock from API for 109325141, trying product data...","data":null}
{"timestamp":"2026-03-18T22:31:45.273Z","level":"debug","message":"Fetching product from Omie: 9522045033","data":null}
{"timestamp":"2026-03-18T22:31:45.841Z","level":"debug","message":"API call success: ConsultarProduto geral/produtos/","data":{"params":{"productOmieId":"9522045033"},"result":{"codigo_produto":9522045033,"codigo_produto_integracao":"","codigo":"109325141","descricao":"Game Wii Party - Wii","unidade":"PC","ncm":"9504.10.91","ean":"45496901974","valor_unitario":79.9,"codigo_familia":0,"tipoItem":"00","produto_variacao":"N","produto_lote":"N","variacao":"N","id_produto_variacao":0,"recomendacoes_fiscais":{"cnpj_fabricante":"","cupom_fiscal":"N","id_cest":"","id_preco_tabelado":0,"indicador_escala":"","market_place":"N","origem_mercadoria":""},"peso_liq":0,"peso_bruto":0,"altura":0,"largura":0,"profundidade":0,"marca":"","modelo":"","dias_garantia":0,"dias_crossdocking":0,"descr_detalhada":"","obs_internas":"","imagens":[],"videos":null,"caracteristicas":null,"tabelas_preco":null,"info":{"dAlt":"16/03/2026","dInc":"16/03/2026","hAlt":"21:51:13","hInc":"21:51:13","uAlt":"P001370688","uInc":"P001370688"},"exibir_descricao_nfe":"N","exibir_descricao_pedido":"N","medicamento":null,"combustivel":null,"veiculo":null,"armamento":null,"cst_icms":"","modalidade_icms":"","csosn_icms":"","aliquota_icms":0,"red_base_icms":0,"motivo_deson_icms":"","per_icms_fcp":0,"codigo_beneficio":"","cst_pis":"","aliquota_pis":0,"red_base_pis":0,"cst_cofins":"","aliquota_cofins":0,"red_base_cofins":0,"cfop":"","dadosIbpt":{"aliqEstadual":0,"aliqFederal":0,"aliqMunicipal":0,"chave":"","fonte":"","valido_ate":"","valido_de":"","versao":""},"codInt_familia":"","descricao_familia":"","bloqueado":"N","bloquear_exclusao":"N","importado_api":"N","inativo":"N","componentes_kit":null,"lead_time":0,"aliquota_ibpt":0,"cest":"","quantidade_estoque":0,"estoque_minimo":0,"origem_imposto":"","cst_ibs_cbs":"","class_trib":"","aliquota_ibs_uf":0,"aliquota_ibs_mun":0,"perc_reducao_ibs_uf":0,"perc_reducao_ibs_mun":0,"aliquota_cbs":0,"perc_reducao_cbs":0}}}
{"timestamp":"2026-03-18T22:31:45.842Z","level":"info","message":"Using stock quantity from product data for 109325141: 0","data":null}
{"timestamp":"2026-03-18T22:31:45.848Z","level":"info","message":"Stock sync success: synced_from_omie","data":{"productId":"69bb27078b1c7334c21b1623","sku":"109325141","omieId":"9522045033","quantity":0,"action":"synced_from_omie"}}
{"timestamp":"2026-03-18T22:31:45.850Z","level":"info","message":"Sync operation completed: stock_from_omie","data":{"syncedCount":10,"errorsCount":0,"errors":[]}}
{"timestamp":"2026-03-18T22:45:00.779Z","level":"info","message":"Starting stock sync to Omie","data":null}
{"timestamp":"2026-03-18T22:45:00.865Z","level":"error","message":"Stock sync failed: send_to_omie_failed","data":{"productId":"69bb27078b1c7334c21b161a","sku":"1000","omieId":"9522045011","quantity":0,"action":"send_to_omie_failed","error":"Request failed with status code 500"}}
{"timestamp":"2026-03-18T22:45:00.902Z","level":"error","message":"Stock sync failed: send_to_omie_failed","data":{"productId":"69bb27078b1c7334c21b161b","sku":"110007405","omieId":"9522045013","quantity":0,"action":"send_to_omie_failed","error":"Request failed with status code 500"}}
{"timestamp":"2026-03-18T22:45:00.941Z","level":"error","message":"Stock sync failed: send_to_omie_failed","data":{"productId":"69bb27078b1c7334c21b161c","sku":"110007406","omieId":"9522045015","quantity":0,"action":"send_to_omie_failed","error":"Request failed with status code 500"}}
{"timestamp":"2026-03-18T22:45:00.974Z","level":"error","message":"Stock sync failed: send_to_omie_failed","data":{"productId":"69bb27078b1c7334c21b161d","sku":"111954120","omieId":"9522045017","quantity":0,"action":"send_to_omie_failed","error":"Request failed with status code 500"}}
{"timestamp":"2026-03-18T22:45:01.012Z","level":"error","message":"Stock sync failed: send_to_omie_failed","data":{"productId":"69bb27078b1c7334c21b161e","sku":"111954114","omieId":"9522045019","quantity":0,"action":"send_to_omie_failed","error":"Request failed with status code 500"}}
{"timestamp":"2026-03-18T22:45:01.047Z","level":"error","message":"Stock sync failed: send_to_omie_failed","data":{"productId":"69bb27078b1c7334c21b161f","sku":"7114168","omieId":"9522045021","quantity":0,"action":"send_to_omie_failed","error":"Request failed with status code 500"}}
{"timestamp":"2026-03-18T22:45:01.087Z","level":"error","message":"Stock sync failed: send_to_omie_failed","data":{"productId":"69bb27078b1c7334c21b1620","sku":"111904125","omieId":"9522045023","quantity":0,"action":"send_to_omie_failed","error":"Request failed with status code 500"}}
{"timestamp":"2026-03-18T22:45:01.124Z","level":"error","message":"Stock sync failed: send_to_omie_failed","data":{"productId":"69bb27078b1c7334c21b1621","sku":"111937242","omieId":"9522045025","quantity":0,"action":"send_to_omie_failed","error":"Request failed with status code 500"}}
{"timestamp":"2026-03-18T22:45:01.158Z","level":"error","message":"Stock sync failed: send_to_omie_failed","data":{"productId":"69bb27078b1c7334c21b1622","sku":"7457922","omieId":"9522045029","quantity":0,"action":"send_to_omie_failed","error":"Request failed with status code 500"}}
{"timestamp":"2026-03-18T22:45:01.193Z","level":"error","message":"Stock sync failed: send_to_omie_failed","data":{"productId":"69bb27078b1c7334c21b1623","sku":"109325141","omieId":"9522045033","quantity":0,"action":"send_to_omie_failed","error":"Request failed with status code 500"}}
{"timestamp":"2026-03-18T22:45:01.194Z","level":"info","message":"Stock sync to Omie completed","data":{"successCount":0,"errorCount":10}}
